[2023-09-25 14:10:47,582] {manager.py:474} INFO - Processing files using up to 2 processes at a time 
[2023-09-25 14:10:47,582] {manager.py:475} INFO - Process each file at most once every 30 seconds
[2023-09-25 14:10:47,583] {manager.py:477} INFO - Checking for new files in /opt/airflow/dags every 300 seconds
[2023-09-25 14:10:47,584] {manager.py:684} INFO - Searching for files in /opt/airflow/dags
[2023-09-25 14:10:47,592] {manager.py:687} INFO - There are 0 files in /opt/airflow/dags
[2023-09-25 14:15:47,915] {manager.py:684} INFO - Searching for files in /opt/airflow/dags
[2023-09-25 14:15:47,923] {manager.py:687} INFO - There are 0 files in /opt/airflow/dags
[2023-09-25 14:34:08,423] {manager.py:684} INFO - Searching for files in /opt/airflow/dags
[2023-09-25 14:34:08,430] {manager.py:687} INFO - There are 0 files in /opt/airflow/dags
[2023-09-25 14:52:57,337] {manager.py:684} INFO - Searching for files in /opt/airflow/dags
[2023-09-25 14:52:57,340] {manager.py:687} INFO - There are 0 files in /opt/airflow/dags
[2023-09-25 15:36:32,647] {manager.py:684} INFO - Searching for files in /opt/airflow/dags
[2023-09-25 15:36:32,654] {manager.py:687} INFO - There are 0 files in /opt/airflow/dags
[2023-09-25 16:16:01,589] {manager.py:684} INFO - Searching for files in /opt/airflow/dags
[2023-09-25 16:16:01,639] {manager.py:687} INFO - There are 0 files in /opt/airflow/dags
[2023-09-25 16:29:07,866] {manager.py:684} INFO - Searching for files in /opt/airflow/dags
[2023-09-25 16:29:07,874] {manager.py:687} INFO - There are 0 files in /opt/airflow/dags
[2023-09-25 17:12:18,570] {manager.py:684} INFO - Searching for files in /opt/airflow/dags
[2023-09-25 17:12:18,576] {manager.py:687} INFO - There are 0 files in /opt/airflow/dags
[2023-09-25 18:15:32,283] {manager.py:684} INFO - Searching for files in /opt/airflow/dags
[2023-09-25 18:15:32,286] {manager.py:687} INFO - There are 0 files in /opt/airflow/dags
[2023-09-25 19:20:54,479] {manager.py:684} INFO - Searching for files in /opt/airflow/dags
[2023-09-25 19:20:54,482] {manager.py:687} INFO - There are 0 files in /opt/airflow/dags
[2023-09-25 20:29:04,331] {manager.py:684} INFO - Searching for files in /opt/airflow/dags
[2023-09-25 20:29:04,336] {manager.py:687} INFO - There are 0 files in /opt/airflow/dags
[2023-09-25 21:35:11,094] {manager.py:684} INFO - Searching for files in /opt/airflow/dags
[2023-09-25 21:35:11,101] {manager.py:687} INFO - There are 0 files in /opt/airflow/dags
[2023-09-25 22:37:40,794] {manager.py:684} INFO - Searching for files in /opt/airflow/dags
[2023-09-25 22:37:40,802] {manager.py:687} INFO - There are 0 files in /opt/airflow/dags
[2023-09-25 23:40:41,949] {manager.py:684} INFO - Searching for files in /opt/airflow/dags
[2023-09-25 23:40:42,055] {manager.py:687} INFO - There are 0 files in /opt/airflow/dags
[2023-09-26 00:36:15,572] {manager.py:684} INFO - Searching for files in /opt/airflow/dags
[2023-09-26 00:36:15,587] {manager.py:687} INFO - There are 0 files in /opt/airflow/dags
[2023-09-26 00:57:25,751] {manager.py:684} INFO - Searching for files in /opt/airflow/dags
[2023-09-26 00:57:25,783] {manager.py:687} INFO - There are 0 files in /opt/airflow/dags
[2023-09-26 02:22:18,683] {manager.py:684} INFO - Searching for files in /opt/airflow/dags
[2023-09-26 02:22:18,699] {manager.py:687} INFO - There are 0 files in /opt/airflow/dags
[2023-09-26 03:28:02,007] {manager.py:684} INFO - Searching for files in /opt/airflow/dags
[2023-09-26 03:28:02,010] {manager.py:687} INFO - There are 0 files in /opt/airflow/dags
[2023-09-26 04:16:53,057] {manager.py:684} INFO - Searching for files in /opt/airflow/dags
[2023-09-26 04:16:53,074] {manager.py:687} INFO - There are 0 files in /opt/airflow/dags
[2023-09-26 05:19:45,689] {manager.py:684} INFO - Searching for files in /opt/airflow/dags
[2023-09-26 05:19:45,695] {manager.py:687} INFO - There are 0 files in /opt/airflow/dags
[2023-09-26 06:24:28,120] {manager.py:684} INFO - Searching for files in /opt/airflow/dags
[2023-09-26 06:24:28,125] {manager.py:687} INFO - There are 0 files in /opt/airflow/dags
[2023-09-26 07:26:08,711] {manager.py:684} INFO - Searching for files in /opt/airflow/dags
[2023-09-26 07:26:08,720] {manager.py:687} INFO - There are 0 files in /opt/airflow/dags
[2023-09-26 08:30:57,593] {manager.py:684} INFO - Searching for files in /opt/airflow/dags
[2023-09-26 08:30:57,598] {manager.py:687} INFO - There are 0 files in /opt/airflow/dags
[2023-09-26 09:54:30,634] {manager.py:684} INFO - Searching for files in /opt/airflow/dags
[2023-09-26 09:54:30,639] {manager.py:687} INFO - There are 0 files in /opt/airflow/dags
[2023-09-26 10:56:15,883] {manager.py:684} INFO - Searching for files in /opt/airflow/dags
[2023-09-26 10:56:15,898] {manager.py:687} INFO - There are 0 files in /opt/airflow/dags
[2023-09-26 12:00:03,030] {manager.py:684} INFO - Searching for files in /opt/airflow/dags
[2023-09-26 12:00:03,037] {manager.py:687} INFO - There are 0 files in /opt/airflow/dags
[2023-09-26 12:49:23,595] {manager.py:684} INFO - Searching for files in /opt/airflow/dags
[2023-09-26 12:49:23,610] {manager.py:687} INFO - There are 0 files in /opt/airflow/dags
[2023-09-26 12:54:24,287] {manager.py:684} INFO - Searching for files in /opt/airflow/dags
[2023-09-26 12:54:24,299] {manager.py:687} INFO - There are 0 files in /opt/airflow/dags
[2023-09-26 12:59:24,636] {manager.py:684} INFO - Searching for files in /opt/airflow/dags
[2023-09-26 12:59:24,648] {manager.py:687} INFO - There are 0 files in /opt/airflow/dags
[2023-09-26 13:04:25,164] {manager.py:684} INFO - Searching for files in /opt/airflow/dags
[2023-09-26 13:04:25,173] {manager.py:687} INFO - There are 0 files in /opt/airflow/dags
[2023-09-26 13:09:25,450] {manager.py:684} INFO - Searching for files in /opt/airflow/dags
[2023-09-26 13:09:25,461] {manager.py:687} INFO - There are 0 files in /opt/airflow/dags
[2023-09-26 13:14:25,879] {manager.py:684} INFO - Searching for files in /opt/airflow/dags
[2023-09-26 13:14:25,890] {manager.py:687} INFO - There are 0 files in /opt/airflow/dags
[2023-09-26 13:19:26,307] {manager.py:684} INFO - Searching for files in /opt/airflow/dags
[2023-09-26 13:19:26,315] {manager.py:687} INFO - There are 0 files in /opt/airflow/dags
[2023-09-26 13:24:26,686] {manager.py:684} INFO - Searching for files in /opt/airflow/dags
[2023-09-26 13:24:26,699] {manager.py:687} INFO - There are 0 files in /opt/airflow/dags
[2023-09-26 13:29:26,956] {manager.py:684} INFO - Searching for files in /opt/airflow/dags
[2023-09-26 13:29:26,963] {manager.py:687} INFO - There are 0 files in /opt/airflow/dags
[2023-09-26 13:34:27,266] {manager.py:684} INFO - Searching for files in /opt/airflow/dags
[2023-09-26 13:34:27,274] {manager.py:687} INFO - There are 0 files in /opt/airflow/dags
[2023-09-26 13:39:27,616] {manager.py:684} INFO - Searching for files in /opt/airflow/dags
[2023-09-26 13:39:27,626] {manager.py:687} INFO - There are 0 files in /opt/airflow/dags
[2023-09-26 13:44:27,866] {manager.py:684} INFO - Searching for files in /opt/airflow/dags
[2023-09-26 13:44:27,871] {manager.py:687} INFO - There are 0 files in /opt/airflow/dags
[2023-09-26 13:49:28,116] {manager.py:684} INFO - Searching for files in /opt/airflow/dags
[2023-09-26 13:49:28,121] {manager.py:687} INFO - There are 0 files in /opt/airflow/dags
[2023-09-26 13:54:28,433] {manager.py:684} INFO - Searching for files in /opt/airflow/dags
[2023-09-26 13:54:28,439] {manager.py:687} INFO - There are 0 files in /opt/airflow/dags
[2023-09-26 13:59:28,619] {manager.py:684} INFO - Searching for files in /opt/airflow/dags
[2023-09-26 13:59:28,625] {manager.py:687} INFO - There are 0 files in /opt/airflow/dags
[2023-09-26 14:04:28,806] {manager.py:684} INFO - Searching for files in /opt/airflow/dags
[2023-09-26 14:04:28,814] {manager.py:687} INFO - There are 0 files in /opt/airflow/dags
[2023-09-26 14:09:29,034] {manager.py:684} INFO - Searching for files in /opt/airflow/dags
[2023-09-26 14:09:29,040] {manager.py:687} INFO - There are 0 files in /opt/airflow/dags
[2023-09-26 14:14:29,335] {manager.py:684} INFO - Searching for files in /opt/airflow/dags
[2023-09-26 14:14:29,344] {manager.py:687} INFO - There are 0 files in /opt/airflow/dags
[2023-09-26 14:26:05,217] {manager.py:684} INFO - Searching for files in /opt/airflow/dags
[2023-09-26 14:26:05,233] {manager.py:687} INFO - There are 0 files in /opt/airflow/dags
[2023-09-26 14:31:50,182] {manager.py:684} INFO - Searching for files in /opt/airflow/dags
[2023-09-26 14:31:50,185] {manager.py:687} INFO - There are 0 files in /opt/airflow/dags
[2023-09-26 14:36:50,698] {manager.py:684} INFO - Searching for files in /opt/airflow/dags
[2023-09-26 14:36:50,709] {manager.py:687} INFO - There are 0 files in /opt/airflow/dags
[2023-09-26 14:41:51,184] {manager.py:684} INFO - Searching for files in /opt/airflow/dags
[2023-09-26 14:41:51,197] {manager.py:687} INFO - There are 0 files in /opt/airflow/dags
[2023-09-26 14:46:51,632] {manager.py:684} INFO - Searching for files in /opt/airflow/dags
[2023-09-26 14:46:51,643] {manager.py:687} INFO - There are 0 files in /opt/airflow/dags
[2023-09-26 14:51:52,073] {manager.py:684} INFO - Searching for files in /opt/airflow/dags
[2023-09-26 14:51:52,087] {manager.py:687} INFO - There are 0 files in /opt/airflow/dags
[2023-09-26 14:56:52,602] {manager.py:684} INFO - Searching for files in /opt/airflow/dags
[2023-09-26 14:56:52,615] {manager.py:687} INFO - There are 0 files in /opt/airflow/dags
[2023-09-26 15:01:52,920] {manager.py:684} INFO - Searching for files in /opt/airflow/dags
[2023-09-26 15:01:52,932] {manager.py:687} INFO - There are 0 files in /opt/airflow/dags
[2023-09-26 15:06:53,179] {manager.py:684} INFO - Searching for files in /opt/airflow/dags
[2023-09-26 15:06:53,190] {manager.py:687} INFO - There are 0 files in /opt/airflow/dags
[2023-09-26 15:11:53,610] {manager.py:684} INFO - Searching for files in /opt/airflow/dags
[2023-09-26 15:11:53,620] {manager.py:687} INFO - There are 0 files in /opt/airflow/dags
[2023-09-26 15:16:53,992] {manager.py:684} INFO - Searching for files in /opt/airflow/dags
[2023-09-26 15:16:54,003] {manager.py:687} INFO - There are 0 files in /opt/airflow/dags
[2023-09-26 15:21:54,504] {manager.py:684} INFO - Searching for files in /opt/airflow/dags
[2023-09-26 15:21:54,519] {manager.py:687} INFO - There are 0 files in /opt/airflow/dags
[2023-09-26 15:26:54,950] {manager.py:684} INFO - Searching for files in /opt/airflow/dags
[2023-09-26 15:26:54,962] {manager.py:687} INFO - There are 0 files in /opt/airflow/dags
[2023-09-26 15:31:55,384] {manager.py:684} INFO - Searching for files in /opt/airflow/dags
[2023-09-26 15:31:55,395] {manager.py:687} INFO - There are 0 files in /opt/airflow/dags
[2023-09-26 15:36:55,737] {manager.py:684} INFO - Searching for files in /opt/airflow/dags
[2023-09-26 15:36:55,743] {manager.py:687} INFO - There are 0 files in /opt/airflow/dags
[2023-09-26 15:41:56,212] {manager.py:684} INFO - Searching for files in /opt/airflow/dags
[2023-09-26 15:41:56,222] {manager.py:687} INFO - There are 0 files in /opt/airflow/dags
[2023-09-26 15:46:56,684] {manager.py:684} INFO - Searching for files in /opt/airflow/dags
[2023-09-26 15:46:56,698] {manager.py:687} INFO - There are 0 files in /opt/airflow/dags
[2023-09-26 15:51:57,179] {manager.py:684} INFO - Searching for files in /opt/airflow/dags
[2023-09-26 15:51:57,188] {manager.py:687} INFO - There are 0 files in /opt/airflow/dags
[2023-09-26 15:56:57,572] {manager.py:684} INFO - Searching for files in /opt/airflow/dags
[2023-09-26 15:56:57,582] {manager.py:687} INFO - There are 0 files in /opt/airflow/dags
[2023-09-26 16:01:57,896] {manager.py:684} INFO - Searching for files in /opt/airflow/dags
[2023-09-26 16:01:57,905] {manager.py:687} INFO - There are 0 files in /opt/airflow/dags
[2023-09-26 16:06:58,229] {manager.py:684} INFO - Searching for files in /opt/airflow/dags
[2023-09-26 16:06:58,243] {manager.py:687} INFO - There are 0 files in /opt/airflow/dags
[2023-09-26 16:11:58,714] {manager.py:684} INFO - Searching for files in /opt/airflow/dags
[2023-09-26 16:11:58,778] {manager.py:687} INFO - There are 0 files in /opt/airflow/dags
[2023-09-26 16:16:59,111] {manager.py:684} INFO - Searching for files in /opt/airflow/dags
[2023-09-26 16:16:59,126] {manager.py:687} INFO - There are 0 files in /opt/airflow/dags
[2023-09-26 16:21:59,529] {manager.py:684} INFO - Searching for files in /opt/airflow/dags
[2023-09-26 16:21:59,541] {manager.py:687} INFO - There are 0 files in /opt/airflow/dags
[2023-09-26 16:27:00,036] {manager.py:684} INFO - Searching for files in /opt/airflow/dags
[2023-09-26 16:27:00,047] {manager.py:687} INFO - There are 0 files in /opt/airflow/dags
[2023-09-26 16:32:00,523] {manager.py:684} INFO - Searching for files in /opt/airflow/dags
[2023-09-26 16:32:00,534] {manager.py:687} INFO - There are 0 files in /opt/airflow/dags
[2023-09-26 16:37:01,052] {manager.py:684} INFO - Searching for files in /opt/airflow/dags
[2023-09-26 16:37:01,064] {manager.py:687} INFO - There are 0 files in /opt/airflow/dags
[2023-09-26 16:42:01,760] {manager.py:684} INFO - Searching for files in /opt/airflow/dags
[2023-09-26 16:42:01,813] {manager.py:687} INFO - There are 0 files in /opt/airflow/dags
[2023-09-26 16:47:02,191] {manager.py:684} INFO - Searching for files in /opt/airflow/dags
[2023-09-26 16:47:02,205] {manager.py:687} INFO - There are 0 files in /opt/airflow/dags
[2023-09-26 16:52:02,461] {manager.py:684} INFO - Searching for files in /opt/airflow/dags
[2023-09-26 16:52:02,471] {manager.py:687} INFO - There are 0 files in /opt/airflow/dags
[2023-09-26 16:57:02,808] {manager.py:684} INFO - Searching for files in /opt/airflow/dags
[2023-09-26 16:57:02,819] {manager.py:687} INFO - There are 0 files in /opt/airflow/dags
[2023-09-26 17:02:03,443] {manager.py:684} INFO - Searching for files in /opt/airflow/dags
[2023-09-26 17:02:03,455] {manager.py:687} INFO - There are 0 files in /opt/airflow/dags
[2023-09-26 17:07:04,015] {manager.py:684} INFO - Searching for files in /opt/airflow/dags
[2023-09-26 17:07:04,049] {manager.py:687} INFO - There are 0 files in /opt/airflow/dags
[2023-09-26 17:12:04,526] {manager.py:684} INFO - Searching for files in /opt/airflow/dags
[2023-09-26 17:12:04,540] {manager.py:687} INFO - There are 0 files in /opt/airflow/dags
[2023-09-26 17:17:04,967] {manager.py:684} INFO - Searching for files in /opt/airflow/dags
[2023-09-26 17:17:04,996] {manager.py:687} INFO - There are 0 files in /opt/airflow/dags
[2023-09-26 17:22:05,442] {manager.py:684} INFO - Searching for files in /opt/airflow/dags
[2023-09-26 17:22:05,466] {manager.py:687} INFO - There are 0 files in /opt/airflow/dags
[2023-09-26 17:27:05,905] {manager.py:684} INFO - Searching for files in /opt/airflow/dags
[2023-09-26 17:27:05,919] {manager.py:687} INFO - There are 0 files in /opt/airflow/dags
[2023-09-26 17:32:06,298] {manager.py:684} INFO - Searching for files in /opt/airflow/dags
[2023-09-26 17:32:06,310] {manager.py:687} INFO - There are 0 files in /opt/airflow/dags
[2023-09-26 17:37:06,719] {manager.py:684} INFO - Searching for files in /opt/airflow/dags
[2023-09-26 17:37:06,728] {manager.py:687} INFO - There are 0 files in /opt/airflow/dags
[2023-09-26 17:42:07,148] {manager.py:684} INFO - Searching for files in /opt/airflow/dags
[2023-09-26 17:42:07,158] {manager.py:687} INFO - There are 0 files in /opt/airflow/dags
[2023-09-26 17:47:07,786] {manager.py:684} INFO - Searching for files in /opt/airflow/dags
[2023-09-26 17:47:07,798] {manager.py:687} INFO - There are 0 files in /opt/airflow/dags
[2023-09-26 17:52:08,468] {manager.py:684} INFO - Searching for files in /opt/airflow/dags
[2023-09-26 17:52:08,481] {manager.py:687} INFO - There are 0 files in /opt/airflow/dags
[2023-09-26 17:57:08,888] {manager.py:684} INFO - Searching for files in /opt/airflow/dags
[2023-09-26 17:57:08,897] {manager.py:687} INFO - There are 0 files in /opt/airflow/dags
[2023-09-26 18:02:09,335] {manager.py:684} INFO - Searching for files in /opt/airflow/dags
[2023-09-26 18:02:09,344] {manager.py:687} INFO - There are 0 files in /opt/airflow/dags
[2023-09-26 18:07:09,841] {manager.py:684} INFO - Searching for files in /opt/airflow/dags
[2023-09-26 18:07:09,854] {manager.py:687} INFO - There are 0 files in /opt/airflow/dags
[2023-09-26 18:12:10,265] {manager.py:684} INFO - Searching for files in /opt/airflow/dags
[2023-09-26 18:12:10,281] {manager.py:687} INFO - There are 0 files in /opt/airflow/dags
[2023-09-26 18:20:13,987] {manager.py:684} INFO - Searching for files in /opt/airflow/dags
[2023-09-26 18:20:13,995] {manager.py:687} INFO - There are 0 files in /opt/airflow/dags
[2023-09-26 19:10:53,994] {manager.py:684} INFO - Searching for files in /opt/airflow/dags
[2023-09-26 19:10:54,000] {manager.py:687} INFO - There are 0 files in /opt/airflow/dags
[2023-09-26 20:20:18,859] {manager.py:684} INFO - Searching for files in /opt/airflow/dags
[2023-09-26 20:20:18,904] {manager.py:687} INFO - There are 0 files in /opt/airflow/dags
[2023-09-26 21:25:37,486] {manager.py:684} INFO - Searching for files in /opt/airflow/dags
[2023-09-26 21:25:37,489] {manager.py:687} INFO - There are 0 files in /opt/airflow/dags
[2023-09-26 22:32:26,085] {manager.py:684} INFO - Searching for files in /opt/airflow/dags
[2023-09-26 22:32:26,093] {manager.py:687} INFO - There are 0 files in /opt/airflow/dags
[2023-09-26 23:12:52,604] {manager.py:684} INFO - Searching for files in /opt/airflow/dags
[2023-09-26 23:12:52,615] {manager.py:687} INFO - There are 0 files in /opt/airflow/dags
[2023-09-27 00:16:47,316] {manager.py:684} INFO - Searching for files in /opt/airflow/dags
[2023-09-27 00:16:47,319] {manager.py:687} INFO - There are 0 files in /opt/airflow/dags
[2023-09-27 00:22:33,280] {manager.py:684} INFO - Searching for files in /opt/airflow/dags
[2023-09-27 00:22:33,298] {manager.py:687} INFO - There are 0 files in /opt/airflow/dags
[2023-09-27 01:24:35,504] {manager.py:684} INFO - Searching for files in /opt/airflow/dags
[2023-09-27 01:24:35,508] {manager.py:687} INFO - There are 0 files in /opt/airflow/dags
[2023-09-27 02:17:10,298] {manager.py:684} INFO - Searching for files in /opt/airflow/dags
[2023-09-27 02:17:10,306] {manager.py:687} INFO - There are 0 files in /opt/airflow/dags
[2023-09-27 03:23:05,753] {manager.py:684} INFO - Searching for files in /opt/airflow/dags
[2023-09-27 03:23:05,759] {manager.py:687} INFO - There are 0 files in /opt/airflow/dags
[2023-09-27 04:31:13,033] {manager.py:684} INFO - Searching for files in /opt/airflow/dags
[2023-09-27 04:31:13,039] {manager.py:687} INFO - There are 0 files in /opt/airflow/dags
[2023-09-27 05:40:28,019] {manager.py:684} INFO - Searching for files in /opt/airflow/dags
[2023-09-27 05:40:28,023] {manager.py:687} INFO - There are 0 files in /opt/airflow/dags
[2023-09-27 07:01:50,881] {manager.py:684} INFO - Searching for files in /opt/airflow/dags
[2023-09-27 07:01:50,885] {manager.py:687} INFO - There are 0 files in /opt/airflow/dags
[2023-09-27 08:00:28,328] {manager.py:684} INFO - Searching for files in /opt/airflow/dags
[2023-09-27 08:00:28,337] {manager.py:687} INFO - There are 0 files in /opt/airflow/dags
[2023-09-27 08:22:00,732] {manager.py:684} INFO - Searching for files in /opt/airflow/dags
[2023-09-27 08:22:00,736] {manager.py:687} INFO - There are 0 files in /opt/airflow/dags
[2023-09-27 08:53:35,061] {manager.py:684} INFO - Searching for files in /opt/airflow/dags
[2023-09-27 08:53:35,339] {manager.py:687} INFO - There are 0 files in /opt/airflow/dags
[2023-09-27 09:47:48,739] {manager.py:684} INFO - Searching for files in /opt/airflow/dags
[2023-09-27 09:47:48,743] {manager.py:687} INFO - There are 0 files in /opt/airflow/dags
[2023-09-27 10:36:20,839] {manager.py:684} INFO - Searching for files in /opt/airflow/dags
[2023-09-27 10:36:20,850] {manager.py:687} INFO - There are 0 files in /opt/airflow/dags
[2023-09-27 11:12:03,212] {manager.py:684} INFO - Searching for files in /opt/airflow/dags
[2023-09-27 11:12:03,236] {manager.py:687} INFO - There are 0 files in /opt/airflow/dags
[2023-09-27 11:25:06,265] {manager.py:684} INFO - Searching for files in /opt/airflow/dags
[2023-09-27 11:25:06,271] {manager.py:687} INFO - There are 0 files in /opt/airflow/dags
[2023-09-27 11:31:02,786] {manager.py:684} INFO - Searching for files in /opt/airflow/dags
[2023-09-27 11:31:02,796] {manager.py:687} INFO - There are 0 files in /opt/airflow/dags
[2023-09-27 12:00:04,772] {manager.py:684} INFO - Searching for files in /opt/airflow/dags
[2023-09-27 12:00:04,779] {manager.py:687} INFO - There are 0 files in /opt/airflow/dags
[2023-09-27 12:31:36,160] {manager.py:684} INFO - Searching for files in /opt/airflow/dags
[2023-09-27 12:31:36,165] {manager.py:687} INFO - There are 0 files in /opt/airflow/dags
[2023-09-27 13:19:10,699] {manager.py:684} INFO - Searching for files in /opt/airflow/dags
[2023-09-27 13:19:10,724] {manager.py:687} INFO - There are 0 files in /opt/airflow/dags
[2023-09-27 13:51:38,427] {manager.py:684} INFO - Searching for files in /opt/airflow/dags
[2023-09-27 13:51:38,438] {manager.py:687} INFO - There are 0 files in /opt/airflow/dags
[2023-09-27 14:26:09,577] {manager.py:684} INFO - Searching for files in /opt/airflow/dags
[2023-09-27 14:26:09,607] {manager.py:687} INFO - There are 0 files in /opt/airflow/dags
[2023-09-27 14:33:46,908] {manager.py:474} INFO - Processing files using up to 2 processes at a time 
[2023-09-27 14:33:46,908] {manager.py:475} INFO - Process each file at most once every 30 seconds
[2023-09-27 14:33:46,909] {manager.py:477} INFO - Checking for new files in /opt/airflow/dags every 300 seconds
[2023-09-27 14:33:46,909] {manager.py:684} INFO - Searching for files in /opt/airflow/dags
[2023-09-27 14:33:46,910] {manager.py:687} INFO - There are 0 files in /opt/airflow/dags
[2023-09-27 14:38:47,301] {manager.py:684} INFO - Searching for files in /opt/airflow/dags
[2023-09-27 14:38:47,303] {manager.py:687} INFO - There are 0 files in /opt/airflow/dags
[2023-09-27 14:43:47,576] {manager.py:684} INFO - Searching for files in /opt/airflow/dags
[2023-09-27 14:43:47,582] {manager.py:687} INFO - There are 0 files in /opt/airflow/dags
[2023-09-27 14:48:47,845] {manager.py:684} INFO - Searching for files in /opt/airflow/dags
[2023-09-27 14:48:47,856] {manager.py:687} INFO - There are 0 files in /opt/airflow/dags
[2023-09-27 14:53:48,153] {manager.py:684} INFO - Searching for files in /opt/airflow/dags
[2023-09-27 14:53:48,161] {manager.py:687} INFO - There are 0 files in /opt/airflow/dags
[2023-09-27 14:58:48,535] {manager.py:684} INFO - Searching for files in /opt/airflow/dags
[2023-09-27 14:58:48,542] {manager.py:687} INFO - There are 0 files in /opt/airflow/dags
[2023-09-27 15:03:48,902] {manager.py:684} INFO - Searching for files in /opt/airflow/dags
[2023-09-27 15:03:48,909] {manager.py:687} INFO - There are 0 files in /opt/airflow/dags
[2023-09-27 15:08:49,367] {manager.py:684} INFO - Searching for files in /opt/airflow/dags
[2023-09-27 15:08:49,377] {manager.py:687} INFO - There are 0 files in /opt/airflow/dags
[2023-09-27 15:13:49,620] {manager.py:684} INFO - Searching for files in /opt/airflow/dags
[2023-09-27 15:13:49,627] {manager.py:687} INFO - There are 0 files in /opt/airflow/dags
[2023-09-27 15:18:49,832] {manager.py:684} INFO - Searching for files in /opt/airflow/dags
[2023-09-27 15:18:49,837] {manager.py:687} INFO - There are 0 files in /opt/airflow/dags
[2023-09-27 15:23:50,075] {manager.py:684} INFO - Searching for files in /opt/airflow/dags
[2023-09-27 15:23:50,080] {manager.py:687} INFO - There are 0 files in /opt/airflow/dags
[2023-09-27 15:28:50,554] {manager.py:684} INFO - Searching for files in /opt/airflow/dags
[2023-09-27 15:28:50,565] {manager.py:687} INFO - There are 0 files in /opt/airflow/dags
[2023-09-27 15:33:51,029] {manager.py:684} INFO - Searching for files in /opt/airflow/dags
[2023-09-27 15:33:51,041] {manager.py:687} INFO - There are 0 files in /opt/airflow/dags
[2023-09-27 15:38:51,467] {manager.py:684} INFO - Searching for files in /opt/airflow/dags
[2023-09-27 15:38:51,478] {manager.py:687} INFO - There are 0 files in /opt/airflow/dags
[2023-09-27 15:43:51,927] {manager.py:684} INFO - Searching for files in /opt/airflow/dags
[2023-09-27 15:43:51,935] {manager.py:687} INFO - There are 0 files in /opt/airflow/dags
[2023-09-27 15:48:52,269] {manager.py:684} INFO - Searching for files in /opt/airflow/dags
[2023-09-27 15:48:52,277] {manager.py:687} INFO - There are 0 files in /opt/airflow/dags
[2023-09-27 15:53:52,525] {manager.py:684} INFO - Searching for files in /opt/airflow/dags
[2023-09-27 15:53:52,532] {manager.py:687} INFO - There are 0 files in /opt/airflow/dags
[2023-09-27 15:58:52,743] {manager.py:684} INFO - Searching for files in /opt/airflow/dags
[2023-09-27 15:58:52,750] {manager.py:687} INFO - There are 0 files in /opt/airflow/dags
[2023-09-27 16:03:53,005] {manager.py:684} INFO - Searching for files in /opt/airflow/dags
[2023-09-27 16:03:53,012] {manager.py:687} INFO - There are 0 files in /opt/airflow/dags
[2023-09-27 16:08:53,152] {manager.py:684} INFO - Searching for files in /opt/airflow/dags
[2023-09-27 16:08:53,159] {manager.py:687} INFO - There are 0 files in /opt/airflow/dags
[2023-09-27 16:13:53,334] {manager.py:684} INFO - Searching for files in /opt/airflow/dags
[2023-09-27 16:13:53,341] {manager.py:687} INFO - There are 0 files in /opt/airflow/dags
[2023-09-27 16:18:53,547] {manager.py:684} INFO - Searching for files in /opt/airflow/dags
[2023-09-27 16:18:53,555] {manager.py:687} INFO - There are 0 files in /opt/airflow/dags
[2023-09-27 16:23:53,862] {manager.py:684} INFO - Searching for files in /opt/airflow/dags
[2023-09-27 16:23:53,873] {manager.py:687} INFO - There are 0 files in /opt/airflow/dags
[2023-09-27 16:28:54,248] {manager.py:684} INFO - Searching for files in /opt/airflow/dags
[2023-09-27 16:28:54,258] {manager.py:687} INFO - There are 0 files in /opt/airflow/dags
[2023-09-27 16:33:54,618] {manager.py:684} INFO - Searching for files in /opt/airflow/dags
[2023-09-27 16:33:54,625] {manager.py:687} INFO - There are 0 files in /opt/airflow/dags
[2023-09-27 16:38:54,906] {manager.py:684} INFO - Searching for files in /opt/airflow/dags
[2023-09-27 16:38:54,971] {manager.py:687} INFO - There are 0 files in /opt/airflow/dags
